<?xml version="1.0" encoding="UTF-8"?>
<!-- Generated by org.testng.reporters.JUnitReportReporter -->
<testsuite hostname="LAPTOP-PI6QVRRF" name="com.rest.jsonserver.SchemaValidation" tests="1" failures="0" timestamp="21 Apr 2020 09:56:50 GMT" time="3.531" errors="0">
  <testcase name="getAllResources" time="3.531" classname="com.rest.jsonserver.SchemaValidation"/>
</testsuite> <!-- com.rest.jsonserver.SchemaValidation -->
